  Jurnalism.cpp
C:\Users\Maria Jinga\Desktop\it\poo\Proiect Poo\Jurnalism.cpp(97,1): warning C4267: 'initializing': conversion from 'size_t' to 'int', possible loss of data
C:\Users\Maria Jinga\Desktop\it\poo\Proiect Poo\Jurnalism.cpp(102,1): warning C4267: 'initializing': conversion from 'size_t' to 'int', possible loss of data
C:\Users\Maria Jinga\Desktop\it\poo\Proiect Poo\Jurnalism.cpp(619,1): warning C4267: 'initializing': conversion from 'size_t' to 'int', possible loss of data
C:\Users\Maria Jinga\Desktop\it\poo\Proiect Poo\Jurnalism.cpp(753,1): warning C4267: 'initializing': conversion from 'size_t' to 'int', possible loss of data
C:\Users\Maria Jinga\Desktop\it\poo\Proiect Poo\Jurnalism.cpp(761,1): warning C4267: 'initializing': conversion from 'size_t' to 'int', possible loss of data
C:\Users\Maria Jinga\Desktop\it\poo\Proiect Poo\Jurnalism.cpp(1172,23): warning C4244: '=': conversion from 'float' to 'int', possible loss of data
C:\Users\Maria Jinga\Desktop\it\poo\Proiect Poo\Jurnalism.cpp(1274,1): warning C4267: 'initializing': conversion from 'size_t' to 'int', possible loss of data
C:\Users\Maria Jinga\Desktop\it\poo\Proiect Poo\Jurnalism.cpp(1282,1): warning C4267: 'initializing': conversion from 'size_t' to 'int', possible loss of data
C:\Users\Maria Jinga\Desktop\it\poo\Proiect Poo\Jurnalism.cpp(1545,14): warning C4244: 'return': conversion from 'float' to 'int', possible loss of data
C:\Users\Maria Jinga\Desktop\it\poo\Proiect Poo\Jurnalism.cpp(1640,22): warning C4244: '=': conversion from 'float' to 'int', possible loss of data
C:\Users\Maria Jinga\Desktop\it\poo\Proiect Poo\Jurnalism.cpp(1710,1): warning C4267: 'initializing': conversion from 'size_t' to 'int', possible loss of data
C:\Users\Maria Jinga\Desktop\it\poo\Proiect Poo\Jurnalism.cpp(1718,1): warning C4267: 'initializing': conversion from 'size_t' to 'int', possible loss of data
C:\Users\Maria Jinga\Desktop\it\poo\Proiect Poo\Jurnalism.cpp(1983,14): warning C4244: 'return': conversion from 'float' to 'int', possible loss of data
C:\Users\Maria Jinga\Desktop\it\poo\Proiect Poo\Jurnalism.cpp(2077,22): warning C4244: '=': conversion from 'float' to 'int', possible loss of data
C:\Users\Maria Jinga\Desktop\it\poo\Proiect Poo\Jurnalism.cpp(2146,1): warning C4267: 'initializing': conversion from 'size_t' to 'int', possible loss of data
C:\Users\Maria Jinga\Desktop\it\poo\Proiect Poo\Jurnalism.cpp(2154,1): warning C4267: 'initializing': conversion from 'size_t' to 'int', possible loss of data
C:\Users\Maria Jinga\Desktop\it\poo\Proiect Poo\Jurnalism.cpp(2418,14): warning C4244: 'return': conversion from 'float' to 'int', possible loss of data
C:\Users\Maria Jinga\Desktop\it\poo\Proiect Poo\Jurnalism.cpp(2512,22): warning C4244: '=': conversion from 'float' to 'int', possible loss of data
C:\Users\Maria Jinga\Desktop\it\poo\Proiect Poo\Jurnalism.cpp(2564,1): warning C4267: 'initializing': conversion from 'size_t' to 'int', possible loss of data
C:\Users\Maria Jinga\Desktop\it\poo\Proiect Poo\Jurnalism.cpp(2569,1): warning C4267: 'initializing': conversion from 'size_t' to 'int', possible loss of data
C:\Users\Maria Jinga\Desktop\it\poo\Proiect Poo\Jurnalism.cpp(2919,1): warning C4267: 'initializing': conversion from 'size_t' to 'int', possible loss of data
C:\Users\Maria Jinga\Desktop\it\poo\Proiect Poo\Jurnalism.cpp(2935,1): warning C4267: 'initializing': conversion from 'size_t' to 'int', possible loss of data
C:\Users\Maria Jinga\Desktop\it\poo\Proiect Poo\Jurnalism.cpp(3250,27): warning C4244: '=': conversion from 'float' to 'int', possible loss of data
C:\Users\Maria Jinga\Desktop\it\poo\Proiect Poo\Jurnalism.cpp(3357,10): warning C4129: 'L': unrecognized character escape sequence
C:\Users\Maria Jinga\Desktop\it\poo\Proiect Poo\Jurnalism.cpp(3455,42): warning C4305: 'initializing': truncation from 'double' to 'float'
C:\Users\Maria Jinga\Desktop\it\poo\Proiect Poo\Jurnalism.cpp(3456,99): warning C4305: 'argument': truncation from 'double' to 'float'
C:\Users\Maria Jinga\Desktop\it\poo\Proiect Poo\Jurnalism.cpp(3552,115): warning C4305: 'argument': truncation from 'double' to 'float'
C:\Users\Maria Jinga\Desktop\it\poo\Proiect Poo\Jurnalism.cpp(3648,98): warning C4305: 'argument': truncation from 'double' to 'float'
C:\Users\Maria Jinga\Desktop\it\poo\Proiect Poo\Jurnalism.cpp(3745,98): warning C4305: 'argument': truncation from 'double' to 'float'
C:\Users\Maria Jinga\Desktop\it\poo\Proiect Poo\Jurnalism.cpp(3841,106): warning C4305: 'argument': truncation from 'double' to 'float'
C:\Users\Maria Jinga\Desktop\it\poo\Proiect Poo\Jurnalism.cpp(4022,41): warning C4305: 'initializing': truncation from 'double' to 'float'
C:\Users\Maria Jinga\Desktop\it\poo\Proiect Poo\Jurnalism.cpp(4068,15): warning C4244: 'initializing': conversion from 'float' to 'int', possible loss of data
C:\Users\Maria Jinga\Desktop\it\poo\Proiect Poo\Jurnalism.cpp(4118,28): warning C4305: 'initializing': truncation from 'double' to 'float'
C:\Users\Maria Jinga\Desktop\it\poo\Proiect Poo\Jurnalism.cpp(4119,25): warning C4305: 'initializing': truncation from 'double' to 'float'
C:\Users\Maria Jinga\Desktop\it\poo\Proiect Poo\Jurnalism.cpp(4120,30): warning C4305: 'initializing': truncation from 'double' to 'float'
C:\Users\Maria Jinga\Desktop\it\poo\Proiect Poo\Jurnalism.cpp(4496,30): warning C4244: 'initializing': conversion from 'int' to 'float', possible loss of data
C:\Users\Maria Jinga\Desktop\it\poo\Proiect Poo\Jurnalism.cpp(5019,89): warning C4305: 'argument': truncation from 'double' to 'float'
C:\Users\Maria Jinga\Desktop\it\poo\Proiect Poo\Jurnalism.cpp(5060,85): warning C4305: 'argument': truncation from 'double' to 'float'
C:\Users\Maria Jinga\Desktop\it\poo\Proiect Poo\Jurnalism.cpp(5080,82): warning C4305: 'argument': truncation from 'double' to 'float'
C:\Users\Maria Jinga\Desktop\it\poo\Proiect Poo\Jurnalism.cpp(5100,92): warning C4305: 'argument': truncation from 'double' to 'float'
C:\Users\Maria Jinga\Desktop\it\poo\Proiect Poo\Jurnalism.cpp(5139,31): warning C4305: 'initializing': truncation from 'double' to 'float'
C:\Users\Maria Jinga\Desktop\it\poo\Proiect Poo\Jurnalism.cpp(5169,90): warning C4305: 'argument': truncation from 'double' to 'float'
C:\Users\Maria Jinga\Desktop\it\poo\Proiect Poo\Jurnalism.cpp(5188,90): warning C4305: 'argument': truncation from 'double' to 'float'
C:\Users\Maria Jinga\Desktop\it\poo\Proiect Poo\Jurnalism.cpp(5207,90): warning C4305: 'argument': truncation from 'double' to 'float'
C:\Users\Maria Jinga\Desktop\it\poo\Proiect Poo\Jurnalism.cpp(5252,90): warning C4305: 'argument': truncation from 'double' to 'float'
C:\Users\Maria Jinga\Desktop\it\poo\Proiect Poo\Jurnalism.cpp(5018,13): warning C4101: 'sf': unreferenced local variable
C:\Users\Maria Jinga\Desktop\it\poo\Proiect Poo\Jurnalism.cpp(5037,13): warning C4101: 'rf': unreferenced local variable
C:\Users\Maria Jinga\Desktop\it\poo\Proiect Poo\Jurnalism.cpp(5058,13): warning C4101: 'of': unreferenced local variable
C:\Users\Maria Jinga\Desktop\it\poo\Proiect Poo\Jurnalism.cpp(5078,13): warning C4101: 'ef': unreferenced local variable
C:\Users\Maria Jinga\Desktop\it\poo\Proiect Poo\Jurnalism.cpp(5098,13): warning C4101: 'suf': unreferenced local variable
C:\Users\Maria Jinga\Desktop\it\poo\Proiect Poo\Jurnalism.cpp(5118,13): warning C4101: 'lf': unreferenced local variable
C:\Users\Maria Jinga\Desktop\it\poo\Proiect Poo\Jurnalism.cpp(5138,13): warning C4101: 'stf': unreferenced local variable
C:\Users\Maria Jinga\Desktop\it\poo\Proiect Poo\Jurnalism.cpp(448): warning C4715: 'Stire::operator[]': not all control paths return a value
C:\Users\Maria Jinga\Desktop\it\poo\Proiect Poo\Jurnalism.cpp(1078): warning C4715: 'Reporter::operator[]': not all control paths return a value
C:\Users\Maria Jinga\Desktop\it\poo\Proiect Poo\Jurnalism.cpp(1541): warning C4715: 'Operator::operator[]': not all control paths return a value
C:\Users\Maria Jinga\Desktop\it\poo\Proiect Poo\Jurnalism.cpp(1979): warning C4715: 'Editor::operator[]': not all control paths return a value
C:\Users\Maria Jinga\Desktop\it\poo\Proiect Poo\Jurnalism.cpp(2414): warning C4715: 'Sunetist::operator[]': not all control paths return a value
C:\Users\Maria Jinga\Desktop\it\poo\Proiect Poo\Jurnalism.cpp(2791): warning C4715: 'Locatie::operator[]': not all control paths return a value
C:\Users\Maria Jinga\Desktop\it\poo\Proiect Poo\Jurnalism.cpp(3179): warning C4715: 'Studio::operator[]': not all control paths return a value
  Proiect Poo.vcxproj -> C:\Users\Maria Jinga\Desktop\it\poo\Proiect Poo\x64\Debug\Proiect Poo.exe
